(move r s1 s2)
(pick r o7 s2 c0 c1)
(stage r o7)
(pick r o5_2 s2 c1 c2)
(stage r o5_2)
(move r s2 s3)
(pick r o2 s3 c2 c3)
(stage r o2)
(unstage r o7)
(move r s3 s6)
(place r o7 s6 c3 c2)
(unstage r o5_2)
(place r o5_2 s6 c2 c1)
(unstage r o2)
(place r o2 s6 c1 c0)
(move r s6 s5)
(pick r o5_1 s5 c0 c1)
(stage r o5_1)
(pick r o4 s5 c1 c2)
(stage r o4)
(pick r o1 s5 c2 c3)
(move r s5 s3)
(place r o1 s3 c3 c2)
(pick r o6 s3 c2 c3)
(move r s3 s2)
(stage r o6)
(unstage r o5_1)
(place r o5_1 s2 c3 c2)
(pick r o3 s2 c2 c3)
(move r s2 s1)
(place r o3 s1 c3 c2)
(unstage r o6)
(place r o6 s1 c2 c1)
(unstage r o4)
(align_with_object r o6 o4 s1 c1 c0)
(pick r o3 s1 c0 c1)
(add_to_line r o6 o4 o3 s1 c1 c0)
(move r s1 s2)
(pick r o5_1 s2 c0 c1)
(move r s2 s3)
(stage r o5_1)
(pick r o1 s3 c1 c2)
(stage r o1)
(pick r o8 s3 c2 c3)
(move r s3 s6)
(stage r o8)
(unstage r o1)
(place r o1 s6 c3 c2)
(pick r o7 s6 c2 c3)
(align_with_object r o1 o7 s6 c3 c2)
(pick r o2 s6 c2 c3)
(add_to_line r o1 o7 o2 s6 c3 c2)
(pick r o5_2 s6 c2 c3)
(move r s6 s4)
(place r o5_2 s4 c3 c2)
(unstage r o8)
(place r o8 s4 c2 c1)
(unstage r o5_1)
(align_with_object r o8 o5_1 s4 c1 c0)
(pick r o5_2 s4 c0 c1)
(add_to_line r o8 o5_1 o5_2 s4 c1 c0)
