(move s1 s5)
(pick o1 s5)
(move s5 s6)
(place o1 s6)
(move s6 s2)
(pick o7 s2)
(move s2 s6)
(align_with_object o1 o7 s6)
(move s6 s3)
(pick o6 s3)
(move s3 s1)
(place o6 s1)
(move s1 s3)
(pick o2 s3)
(move s3 s6)
(add_to_line o1 o7 o2 s6)
(move s6 s3)
(pick o8 s3)
(move s3 s4)
(place o8 s4)
(move s4 s5)
(pick o4 s5)
(move s5 s1)
(align_with_object o6 o4 s1)
(move s1 s2)
(pick o3 s2)
(move s2 s1)
(add_to_line o6 o4 o3 s1)
(move s1 s5)
(pick o5_1 s5)
(move s5 s4)
(align_with_object o8 o5_1 s4)
(move s4 s2)
(pick o5_2 s2)
(move s2 s4)
(add_to_line o8 o5_1 o5_2 s4)
